0 info it worked if it ends with ok
1 verbose cli [ '/Users/newming/.nvm/versions/node/v7.7.2/bin/node',
1 verbose cli   '/Users/newming/.nvm/versions/node/v7.7.2/bin/npm',
1 verbose cli   'run',
1 verbose cli   'build' ]
2 info using npm@4.1.2
3 info using node@v7.7.2
4 verbose run-script [ 'prebuild', 'build', 'postbuild' ]
5 info lifecycle webpack-demo@1.0.0~prebuild: webpack-demo@1.0.0
6 silly lifecycle webpack-demo@1.0.0~prebuild: no script for prebuild, continuing
7 info lifecycle webpack-demo@1.0.0~build: webpack-demo@1.0.0
8 verbose lifecycle webpack-demo@1.0.0~build: unsafe-perm in lifecycle true
9 verbose lifecycle webpack-demo@1.0.0~build: PATH: /Users/newming/.nvm/versions/node/v7.7.2/lib/node_modules/npm/bin/node-gyp-bin:/Users/newming/shenyang/webpack-demo/node_modules/.bin:/Users/newming/.nvm/versions/node/v7.7.2/bin:/usr/local/bin:/usr/bin:/bin:/usr/sbin:/sbin:/Users/newming/Library/Android/sdk/tools:/Users/newming/Library/Android/sdk/platform-tools
10 verbose lifecycle webpack-demo@1.0.0~build: CWD: /Users/newming/shenyang/webpack-demo
11 silly lifecycle webpack-demo@1.0.0~build: Args: [ '-c', 'webpack' ]
12 silly lifecycle webpack-demo@1.0.0~build: Returned: code: 1  signal: null
13 info lifecycle webpack-demo@1.0.0~build: Failed to exec build script
14 verbose stack Error: webpack-demo@1.0.0 build: `webpack`
14 verbose stack Exit status 1
14 verbose stack     at EventEmitter.<anonymous> (/Users/newming/.nvm/versions/node/v7.7.2/lib/node_modules/npm/lib/utils/lifecycle.js:279:16)
14 verbose stack     at emitTwo (events.js:106:13)
14 verbose stack     at EventEmitter.emit (events.js:194:7)
14 verbose stack     at ChildProcess.<anonymous> (/Users/newming/.nvm/versions/node/v7.7.2/lib/node_modules/npm/lib/utils/spawn.js:40:14)
14 verbose stack     at emitTwo (events.js:106:13)
14 verbose stack     at ChildProcess.emit (events.js:194:7)
14 verbose stack     at maybeClose (internal/child_process.js:899:16)
14 verbose stack     at Process.ChildProcess._handle.onexit (internal/child_process.js:226:5)
15 verbose pkgid webpack-demo@1.0.0
16 verbose cwd /Users/newming/shenyang/webpack-demo
17 error Darwin 16.5.0
18 error argv "/Users/newming/.nvm/versions/node/v7.7.2/bin/node" "/Users/newming/.nvm/versions/node/v7.7.2/bin/npm" "run" "build"
19 error node v7.7.2
20 error npm  v4.1.2
21 error code ELIFECYCLE
22 error webpack-demo@1.0.0 build: `webpack`
22 error Exit status 1
23 error Failed at the webpack-demo@1.0.0 build script 'webpack'.
23 error Make sure you have the latest version of node.js and npm installed.
23 error If you do, this is most likely a problem with the webpack-demo package,
23 error not with npm itself.
23 error Tell the author that this fails on your system:
23 error     webpack
23 error You can get information on how to open an issue for this project with:
23 error     npm bugs webpack-demo
23 error Or if that isn't available, you can get their info via:
23 error     npm owner ls webpack-demo
23 error There is likely additional logging output above.
24 verbose exit [ 1, true ]
